<?xml version="1.0" encoding="UTF-8"?>
<testsuite name="org.example.TemperaturaTest" tests="1" skipped="0" failures="0" errors="0" timestamp="2024-07-03T20:26:46" hostname="LAPTOP-662VNBS9" time="0.001">
  <properties/>
  <testcase name="testObtenerTemperatura()" classname="org.example.TemperaturaTest" time="0.001"/>
  <system-out><![CDATA[]]></system-out>
  <system-err><![CDATA[]]></system-err>
</testsuite>
