<?xml version="1.0" encoding="UTF-8"?>
<testsuite name="org.example.LluviaTest" tests="1" skipped="0" failures="0" errors="0" timestamp="2024-07-03T20:26:46" hostname="LAPTOP-662VNBS9" time="0.002">
  <properties/>
  <testcase name="testObtenerVolumen()" classname="org.example.LluviaTest" time="0.002"/>
  <system-out><![CDATA[]]></system-out>
  <system-err><![CDATA[]]></system-err>
</testsuite>
